<?xml version="1.0" encoding="UTF-8"?>
<!-- Generated by org.testng.reporters.JUnitReportReporter -->
<testsuite hostname="Lenovo-PC" failures="0" tests="4" name="com.qa.tests.DemoTest" time="0.016" errors="0" timestamp="2021-08-08T20:12:25 IST" skipped="0">
  <testcase classname="com.qa.tests.DemoTest" name="sub" time="0.001"/>
  <system-out/>
  <testcase classname="com.qa.tests.DemoTest" name="sum" time="0.002"/>
  <system-out/>
  <testcase classname="com.qa.tests.DemoTest" name="multi" time="0.002"/>
  <system-out/>
  <testcase classname="com.qa.tests.DemoTest" name="div" time="0.011"/>
  <system-out/>
</testsuite> <!-- com.qa.tests.DemoTest -->
